<?xml version="1.0" encoding="UTF-8"?>
<!-- Generated by org.testng.reporters.JUnitReportReporter -->
<testsuite hostname="Sarfaraz" failures="0" tests="1" name="com.myntrajio.RegisterTest.RegisterTest" time="12.381" errors="0" timestamp="2024-08-29T15:43:41 IST" skipped="0">
  <testcase classname="com.myntrajio.RegisterTest.RegisterTest" name="registervalidata" time="12.381">
    <system-out>
      <![CDATA[Register with Valid Data Sucess]]>
    </system-out>
  </testcase> <!-- registervalidata -->
  <system-out>
    <![CDATA[Get SuiteConnections Done Sucessful
Precondition Done Sucessful
BrowserSetup:chromeSucessfully
login Sucessful
Register with Valid Data Sucess
Logout Sucessful
Closebrowser Sucessful
postcondition Done Sucessful
Terminate Suiteconnection Done Sucessful]]>
  </system-out>
</testsuite> <!-- com.myntrajio.RegisterTest.RegisterTest -->
