<?xml version="1.0" encoding="UTF-8"?>
<!-- Generated by org.testng.reporters.JUnitReportReporter -->
<testsuite hostname="Sarfaraz" failures="0" tests="1" name="com.myntrajio.ElectronicProductTest.ElectronicProductTest" time="0.037" errors="0" timestamp="2024-08-15T16:01:26 IST" skipped="0">
  <testcase classname="com.myntrajio.ElectronicProductTest.ElectronicProductTest" name="addproduct" time="0.037">
    <system-out>
      <![CDATA[Electronic product Added Sucess]]>
    </system-out>
  </testcase> <!-- addproduct -->
  <system-out>
    <![CDATA[Electronic product Added Sucess
Kids product Added Sucess
Womens product Added Sucess
Mens product Added Sucess]]>
  </system-out>
</testsuite> <!-- com.myntrajio.ElectronicProductTest.ElectronicProductTest -->
